Removed Pin From Net: NetName=GND Pin=C1-2
Removed Pin From Net: NetName=GND Pin=C2-2
Removed Pin From Net: NetName=5V Pin=C3-1
Removed Pin From Net: NetName=GND Pin=C3-2
Removed Pin From Net: NetName=GND Pin=C4-2
Removed Pin From Net: NetName=GND Pin=C5-2
Removed Pin From Net: NetName=GND Pin=D1-1
Removed Pin From Net: NetName=3V3 Pin=DRX-3
Removed Pin From Net: NetName=3V3 Pin=DRX-4
Removed Pin From Net: NetName=GND Pin=DRX-10
Removed Pin From Net: NetName=GND Pin=DRX-16
Removed Pin From Net: NetName=3V3 Pin=DRY-3
Removed Pin From Net: NetName=3V3 Pin=DRY-4
Removed Pin From Net: NetName=GND Pin=DRY-10
Removed Pin From Net: NetName=GND Pin=DRY-16
Removed Pin From Net: NetName=3V3 Pin=DRZ-3
Removed Pin From Net: NetName=3V3 Pin=DRZ-4
Removed Pin From Net: NetName=GND Pin=DRZ-10
Removed Pin From Net: NetName=GND Pin=DRZ-16
Removed Pin From Net: NetName=5V Pin=L1-2
Removed Pin From Net: NetName=3V3 Pin=R1-2
Removed Pin From Net: NetName=3V3 Pin=R2-2
Removed Pin From Net: NetName=3V3 Pin=R3-2
Removed Pin From Net: NetName=3V3 Pin=R4-2
Removed Pin From Net: NetName=3V3 Pin=R5-2
Removed Pin From Net: NetName=3V3 Pin=R6-2
Removed Pin From Net: NetName=3V3 Pin=R7-2
Removed Pin From Net: NetName=3V3 Pin=R8-2
Removed Pin From Net: NetName=3V3 Pin=R9-2
Removed Pin From Net: NetName=GND Pin=S1-1
Removed Pin From Net: NetName=GND Pin=S1-2
Removed Pin From Net: NetName=GND Pin=S1-3
Removed Pin From Net: NetName=GND Pin=S2-1
Removed Pin From Net: NetName=GND Pin=S2-2
Removed Pin From Net: NetName=GND Pin=S2-3
Removed Pin From Net: NetName=GND Pin=S3-1
Removed Pin From Net: NetName=GND Pin=S3-2
Removed Pin From Net: NetName=GND Pin=S3-3
Removed Pin From Net: NetName=GND Pin=U1-3
Removed Pin From Net: NetName=5V Pin=U1-4
Removed Pin From Net: NetName=GND Pin=U1-5
Removed Member From Class: ClassName=CNCMicaMini Member=C3
Removed Member From Class: ClassName=CNCMicaMini Member=C4
Removed Member From Class: ClassName=CNCMicaMini Member=C5
Removed Member From Class: ClassName=CNCMicaMini Member=D1
Removed Member From Class: ClassName=CNCMicaMini Member=DRX
Removed Member From Class: ClassName=CNCMicaMini Member=DRY
Removed Member From Class: ClassName=CNCMicaMini Member=DRZ
Removed Member From Class: ClassName=CNCMicaMini Member=L1
Removed Member From Class: ClassName=CNCMicaMini Member=R1
Removed Member From Class: ClassName=CNCMicaMini Member=R2
Removed Member From Class: ClassName=CNCMicaMini Member=R3
Removed Member From Class: ClassName=CNCMicaMini Member=R4
Removed Member From Class: ClassName=CNCMicaMini Member=R5
Removed Member From Class: ClassName=CNCMicaMini Member=R6
Removed Member From Class: ClassName=CNCMicaMini Member=R7
Removed Member From Class: ClassName=CNCMicaMini Member=R8
Removed Member From Class: ClassName=CNCMicaMini Member=R9
Removed Member From Class: ClassName=CNCMicaMini Member=S1
Removed Member From Class: ClassName=CNCMicaMini Member=S2
Removed Member From Class: ClassName=CNCMicaMini Member=S3
Removed Member From Class: ClassName=CNCMicaMini Member=U1
Removed Member From Class: ClassName=CNCMicaMini Member=X
Removed Member From Class: ClassName=CNCMicaMini Member=Y
Removed Member From Class: ClassName=CNCMicaMini Member=Z
Change Component Footprint: Designator=C1 Old Footprint=CP1/2 New Footprint=CAP-SM-0805
Change Component Footprint: Designator=C2 Old Footprint=CP1/2 New Footprint=CAP-SM-0805
Change Component Comment : Designator=C1 Old Comment=Cap Pol New Comment=Cap-100nF-50V-0805
Change Component Comment : Designator=C2 Old Comment=Cap Pol New Comment=Cap-100nF-50V-0805
Change Component Designator: OldDesignator=12V NewDesignator=5V
Change component parameters: Designator = "C1" ("C1"); Footprint = "CP1/2"; UniqueID = "\ADBOOUXQ" ("\ADBOOUXQ")
Change component parameters (AddParameter): Name = "Local Supplier"; Value = "thegioiic"; VariantName = "[No Variations]"
Change component parameters (AddParameter): Name = "Local Supplier Link"; Value = "https://www.thegioiic.com/products/tu-gom-0805-100nf-0-1uf-50v"; VariantName = "[No Variations]"
Change component parameters (AddParameter): Name = "Manufacturer"; Value = "Samsung Electro-Mechanics"; VariantName = "[No Variations]"
Change component parameters (AddParameter): Name = "Manufacturer Part Number"; Value = "CL21F104ZBCNNNC"; VariantName = "[No Variations]"
Change component parameters (AddParameter): Name = "Supplier 1"; Value = "Digikey"; VariantName = "[No Variations]"
Change component parameters (AddParameter): Name = "Supplier 1 Link"; Value = "https://www.digikey.com/product-detail/en/samsung-electro-mechanics/CL21F104ZBCNNNC/1276-1007-1-ND/3889093"; VariantName = "[No Variations]"
Change component parameters (AddParameter): Name = "Supplier 1 Part Number"; Value = "1276-1007-1-ND"; VariantName = "[No Variations]"
Change component parameters (AddParameter): Name = "Value"; Value = "100nF/50V"; VariantName = "[No Variations]"
Change component parameters: Designator = "C2" ("C2"); Footprint = "CP1/2"; UniqueID = "\QRRPYXSA" ("\QRRPYXSA")
Change component parameters (AddParameter): Name = "Local Supplier"; Value = "thegioiic"; VariantName = "[No Variations]"
Change component parameters (AddParameter): Name = "Local Supplier Link"; Value = "https://www.thegioiic.com/products/tu-gom-0805-100nf-0-1uf-50v"; VariantName = "[No Variations]"
Change component parameters (AddParameter): Name = "Manufacturer"; Value = "Samsung Electro-Mechanics"; VariantName = "[No Variations]"
Change component parameters (AddParameter): Name = "Manufacturer Part Number"; Value = "CL21F104ZBCNNNC"; VariantName = "[No Variations]"
Change component parameters (AddParameter): Name = "Supplier 1"; Value = "Digikey"; VariantName = "[No Variations]"
Change component parameters (AddParameter): Name = "Supplier 1 Link"; Value = "https://www.digikey.com/product-detail/en/samsung-electro-mechanics/CL21F104ZBCNNNC/1276-1007-1-ND/3889093"; VariantName = "[No Variations]"
Change component parameters (AddParameter): Name = "Supplier 1 Part Number"; Value = "1276-1007-1-ND"; VariantName = "[No Variations]"
Change component parameters (AddParameter): Name = "Value"; Value = "100nF/50V"; VariantName = "[No Variations]"
Added Component: Designator=DRILL(691322310002)
Add component (AddParameter): Name = "Application"; Value = "Pluggable"; VariantName = "[No Variations]"
Add component (AddParameter): Name = "Compliance"; Value = "RoHS"; VariantName = "[No Variations]"
Add component (AddParameter): Name = "ComponentLink1Description"; Value = "Manufacturer"; VariantName = "[No Variations]"
Add component (AddParameter): Name = "ComponentLink1URL"; Value = "http://www.we-online.de"; VariantName = "[No Variations]"
Add component (AddParameter): Name = "ComponentLink2Description"; Value = "Datasheet"; VariantName = "[No Variations]"
Add component (AddParameter): Name = "ComponentLink2URL"; Value = "https://katalog.we-online.de/em/datasheet/691322310002.pdf"; VariantName = "[No Variations]"
Add component (AddParameter): Name = "Modularity"; Value = "No"; VariantName = "[No Variations]"
Add component (AddParameter): Name = "Mounting Technology"; Value = "THT"; VariantName = "[No Variations]"
Add component (AddParameter): Name = "Operating Temperature"; Value = "-40 to +105degC"; VariantName = "[No Variations]"
Add component (AddParameter): Name = "Packaging"; Value = "Box"; VariantName = "[No Variations]"
Add component (AddParameter): Name = "Part Number"; Value = "691322310002"; VariantName = "[No Variations]"
Add component (AddParameter): Name = "PCB/Cable/Panel"; Value = "PCB"; VariantName = "[No Variations]"
Add component (AddParameter): Name = "Pin Number"; Value = "2"; VariantName = "[No Variations]"
Add component (AddParameter): Name = "Pitch"; Value = "3.81mm"; VariantName = "[No Variations]"
Add component (AddParameter): Name = "Published Date"; Value = "October 2019"; VariantName = "[No Variations]"
Add component (AddParameter): Name = "Publisher"; Value = "Wurth Elektronik"; VariantName = "[No Variations]"
Add component (AddParameter): Name = "Rated Current [UL]"; Value = "10A"; VariantName = "[No Variations]"
Add component (AddParameter): Name = "Type"; Value = "Horizontal"; VariantName = "[No Variations]"
Add component (AddParameter): Name = "Working Voltage [UL]"; Value = "300VAC"; VariantName = "[No Variations]"
Added Component: Designator=ENCODER(74HC245N)
Add component (AddParameter): Name = "Copyright"; Value = "Copyright (C) 2022 Ultra Librarian. All rights reserved."; VariantName = "[No Variations]"
Add component (AddParameter): Name = "Manufacturer_Part_Number"; Value = "74HC245N"; VariantName = "[No Variations]"
Add component (AddParameter): Name = "Mfr_Name"; Value = "NXP"; VariantName = "[No Variations]"
Add component (AddParameter): Name = "RefDes"; Value = "RefDes"; VariantName = "[No Variations]"
Add component (AddParameter): Name = "Type"; Value = "DEV"; VariantName = "[No Variations]"
Added Component: Designator=MOTOR(74HC245N)
Add component (AddParameter): Name = "Copyright"; Value = "Copyright (C) 2022 Ultra Librarian. All rights reserved."; VariantName = "[No Variations]"
Add component (AddParameter): Name = "Manufacturer_Part_Number"; Value = "74HC245N"; VariantName = "[No Variations]"
Add component (AddParameter): Name = "Mfr_Name"; Value = "NXP"; VariantName = "[No Variations]"
Add component (AddParameter): Name = "RefDes"; Value = "RefDes"; VariantName = "[No Variations]"
Add component (AddParameter): Name = "Type"; Value = "DEV"; VariantName = "[No Variations]"
Added Component: Designator=X_ENC(691322310004)
Add component (AddParameter): Name = "Application"; Value = "Pluggable"; VariantName = "[No Variations]"
Add component (AddParameter): Name = "Compliance"; Value = "RoHS"; VariantName = "[No Variations]"
Add component (AddParameter): Name = "ComponentLink1Description"; Value = "Manufacturer"; VariantName = "[No Variations]"
Add component (AddParameter): Name = "ComponentLink1URL"; Value = "http://www.we-online.de"; VariantName = "[No Variations]"
Add component (AddParameter): Name = "ComponentLink2Description"; Value = "Datasheet"; VariantName = "[No Variations]"
Add component (AddParameter): Name = "ComponentLink2URL"; Value = "https://katalog.we-online.de/em/datasheet/691322310004.pdf"; VariantName = "[No Variations]"
Add component (AddParameter): Name = "Modularity"; Value = "No"; VariantName = "[No Variations]"
Add component (AddParameter): Name = "Mounting Technology"; Value = "THT"; VariantName = "[No Variations]"
Add component (AddParameter): Name = "Operating Temperature"; Value = "-40 to +105degC"; VariantName = "[No Variations]"
Add component (AddParameter): Name = "Packaging"; Value = "Box"; VariantName = "[No Variations]"
Add component (AddParameter): Name = "Part Number"; Value = "691322310004"; VariantName = "[No Variations]"
Add component (AddParameter): Name = "PCB/Cable/Panel"; Value = "PCB"; VariantName = "[No Variations]"
Add component (AddParameter): Name = "Pin Number"; Value = "4"; VariantName = "[No Variations]"
Add component (AddParameter): Name = "Pitch"; Value = "3.81mm"; VariantName = "[No Variations]"
Add component (AddParameter): Name = "Published Date"; Value = "October 2019"; VariantName = "[No Variations]"
Add component (AddParameter): Name = "Publisher"; Value = "Wurth Elektronik"; VariantName = "[No Variations]"
Add component (AddParameter): Name = "Rated Current [UL]"; Value = "10A"; VariantName = "[No Variations]"
Add component (AddParameter): Name = "Type"; Value = "Horizontal"; VariantName = "[No Variations]"
Add component (AddParameter): Name = "Working Voltage [UL]"; Value = "300VAC"; VariantName = "[No Variations]"
Added Component: Designator=X_MOTOR(691322310002)
Add component (AddParameter): Name = "Application"; Value = "Pluggable"; VariantName = "[No Variations]"
Add component (AddParameter): Name = "Compliance"; Value = "RoHS"; VariantName = "[No Variations]"
Add component (AddParameter): Name = "ComponentLink1Description"; Value = "Manufacturer"; VariantName = "[No Variations]"
Add component (AddParameter): Name = "ComponentLink1URL"; Value = "http://www.we-online.de"; VariantName = "[No Variations]"
Add component (AddParameter): Name = "ComponentLink2Description"; Value = "Datasheet"; VariantName = "[No Variations]"
Add component (AddParameter): Name = "ComponentLink2URL"; Value = "https://katalog.we-online.de/em/datasheet/691322310002.pdf"; VariantName = "[No Variations]"
Add component (AddParameter): Name = "Modularity"; Value = "No"; VariantName = "[No Variations]"
Add component (AddParameter): Name = "Mounting Technology"; Value = "THT"; VariantName = "[No Variations]"
Add component (AddParameter): Name = "Operating Temperature"; Value = "-40 to +105degC"; VariantName = "[No Variations]"
Add component (AddParameter): Name = "Packaging"; Value = "Box"; VariantName = "[No Variations]"
Add component (AddParameter): Name = "Part Number"; Value = "691322310002"; VariantName = "[No Variations]"
Add component (AddParameter): Name = "PCB/Cable/Panel"; Value = "PCB"; VariantName = "[No Variations]"
Add component (AddParameter): Name = "Pin Number"; Value = "2"; VariantName = "[No Variations]"
Add component (AddParameter): Name = "Pitch"; Value = "3.81mm"; VariantName = "[No Variations]"
Add component (AddParameter): Name = "Published Date"; Value = "October 2019"; VariantName = "[No Variations]"
Add component (AddParameter): Name = "Publisher"; Value = "Wurth Elektronik"; VariantName = "[No Variations]"
Add component (AddParameter): Name = "Rated Current [UL]"; Value = "10A"; VariantName = "[No Variations]"
Add component (AddParameter): Name = "Type"; Value = "Horizontal"; VariantName = "[No Variations]"
Add component (AddParameter): Name = "Working Voltage [UL]"; Value = "300VAC"; VariantName = "[No Variations]"
Added Component: Designator=Y_ENC(691322310004)
Add component (AddParameter): Name = "Application"; Value = "Pluggable"; VariantName = "[No Variations]"
Add component (AddParameter): Name = "Compliance"; Value = "RoHS"; VariantName = "[No Variations]"
Add component (AddParameter): Name = "ComponentLink1Description"; Value = "Manufacturer"; VariantName = "[No Variations]"
Add component (AddParameter): Name = "ComponentLink1URL"; Value = "http://www.we-online.de"; VariantName = "[No Variations]"
Add component (AddParameter): Name = "ComponentLink2Description"; Value = "Datasheet"; VariantName = "[No Variations]"
Add component (AddParameter): Name = "ComponentLink2URL"; Value = "https://katalog.we-online.de/em/datasheet/691322310004.pdf"; VariantName = "[No Variations]"
Add component (AddParameter): Name = "Modularity"; Value = "No"; VariantName = "[No Variations]"
Add component (AddParameter): Name = "Mounting Technology"; Value = "THT"; VariantName = "[No Variations]"
Add component (AddParameter): Name = "Operating Temperature"; Value = "-40 to +105degC"; VariantName = "[No Variations]"
Add component (AddParameter): Name = "Packaging"; Value = "Box"; VariantName = "[No Variations]"
Add component (AddParameter): Name = "Part Number"; Value = "691322310004"; VariantName = "[No Variations]"
Add component (AddParameter): Name = "PCB/Cable/Panel"; Value = "PCB"; VariantName = "[No Variations]"
Add component (AddParameter): Name = "Pin Number"; Value = "4"; VariantName = "[No Variations]"
Add component (AddParameter): Name = "Pitch"; Value = "3.81mm"; VariantName = "[No Variations]"
Add component (AddParameter): Name = "Published Date"; Value = "October 2019"; VariantName = "[No Variations]"
Add component (AddParameter): Name = "Publisher"; Value = "Wurth Elektronik"; VariantName = "[No Variations]"
Add component (AddParameter): Name = "Rated Current [UL]"; Value = "10A"; VariantName = "[No Variations]"
Add component (AddParameter): Name = "Type"; Value = "Horizontal"; VariantName = "[No Variations]"
Add component (AddParameter): Name = "Working Voltage [UL]"; Value = "300VAC"; VariantName = "[No Variations]"
Added Component: Designator=Y_MOTOR(691322310002)
Add component (AddParameter): Name = "Application"; Value = "Pluggable"; VariantName = "[No Variations]"
Add component (AddParameter): Name = "Compliance"; Value = "RoHS"; VariantName = "[No Variations]"
Add component (AddParameter): Name = "ComponentLink1Description"; Value = "Manufacturer"; VariantName = "[No Variations]"
Add component (AddParameter): Name = "ComponentLink1URL"; Value = "http://www.we-online.de"; VariantName = "[No Variations]"
Add component (AddParameter): Name = "ComponentLink2Description"; Value = "Datasheet"; VariantName = "[No Variations]"
Add component (AddParameter): Name = "ComponentLink2URL"; Value = "https://katalog.we-online.de/em/datasheet/691322310002.pdf"; VariantName = "[No Variations]"
Add component (AddParameter): Name = "Modularity"; Value = "No"; VariantName = "[No Variations]"
Add component (AddParameter): Name = "Mounting Technology"; Value = "THT"; VariantName = "[No Variations]"
Add component (AddParameter): Name = "Operating Temperature"; Value = "-40 to +105degC"; VariantName = "[No Variations]"
Add component (AddParameter): Name = "Packaging"; Value = "Box"; VariantName = "[No Variations]"
Add component (AddParameter): Name = "Part Number"; Value = "691322310002"; VariantName = "[No Variations]"
Add component (AddParameter): Name = "PCB/Cable/Panel"; Value = "PCB"; VariantName = "[No Variations]"
Add component (AddParameter): Name = "Pin Number"; Value = "2"; VariantName = "[No Variations]"
Add component (AddParameter): Name = "Pitch"; Value = "3.81mm"; VariantName = "[No Variations]"
Add component (AddParameter): Name = "Published Date"; Value = "October 2019"; VariantName = "[No Variations]"
Add component (AddParameter): Name = "Publisher"; Value = "Wurth Elektronik"; VariantName = "[No Variations]"
Add component (AddParameter): Name = "Rated Current [UL]"; Value = "10A"; VariantName = "[No Variations]"
Add component (AddParameter): Name = "Type"; Value = "Horizontal"; VariantName = "[No Variations]"
Add component (AddParameter): Name = "Working Voltage [UL]"; Value = "300VAC"; VariantName = "[No Variations]"
Added Component: Designator=Z_ENC(691322310004)
Add component (AddParameter): Name = "Application"; Value = "Pluggable"; VariantName = "[No Variations]"
Add component (AddParameter): Name = "Compliance"; Value = "RoHS"; VariantName = "[No Variations]"
Add component (AddParameter): Name = "ComponentLink1Description"; Value = "Manufacturer"; VariantName = "[No Variations]"
Add component (AddParameter): Name = "ComponentLink1URL"; Value = "http://www.we-online.de"; VariantName = "[No Variations]"
Add component (AddParameter): Name = "ComponentLink2Description"; Value = "Datasheet"; VariantName = "[No Variations]"
Add component (AddParameter): Name = "ComponentLink2URL"; Value = "https://katalog.we-online.de/em/datasheet/691322310004.pdf"; VariantName = "[No Variations]"
Add component (AddParameter): Name = "Modularity"; Value = "No"; VariantName = "[No Variations]"
Add component (AddParameter): Name = "Mounting Technology"; Value = "THT"; VariantName = "[No Variations]"
Add component (AddParameter): Name = "Operating Temperature"; Value = "-40 to +105degC"; VariantName = "[No Variations]"
Add component (AddParameter): Name = "Packaging"; Value = "Box"; VariantName = "[No Variations]"
Add component (AddParameter): Name = "Part Number"; Value = "691322310004"; VariantName = "[No Variations]"
Add component (AddParameter): Name = "PCB/Cable/Panel"; Value = "PCB"; VariantName = "[No Variations]"
Add component (AddParameter): Name = "Pin Number"; Value = "4"; VariantName = "[No Variations]"
Add component (AddParameter): Name = "Pitch"; Value = "3.81mm"; VariantName = "[No Variations]"
Add component (AddParameter): Name = "Published Date"; Value = "October 2019"; VariantName = "[No Variations]"
Add component (AddParameter): Name = "Publisher"; Value = "Wurth Elektronik"; VariantName = "[No Variations]"
Add component (AddParameter): Name = "Rated Current [UL]"; Value = "10A"; VariantName = "[No Variations]"
Add component (AddParameter): Name = "Type"; Value = "Horizontal"; VariantName = "[No Variations]"
Add component (AddParameter): Name = "Working Voltage [UL]"; Value = "300VAC"; VariantName = "[No Variations]"
Added Component: Designator=Z_MOTOR(691322310002)
Add component (AddParameter): Name = "Application"; Value = "Pluggable"; VariantName = "[No Variations]"
Add component (AddParameter): Name = "Compliance"; Value = "RoHS"; VariantName = "[No Variations]"
Add component (AddParameter): Name = "ComponentLink1Description"; Value = "Manufacturer"; VariantName = "[No Variations]"
Add component (AddParameter): Name = "ComponentLink1URL"; Value = "http://www.we-online.de"; VariantName = "[No Variations]"
Add component (AddParameter): Name = "ComponentLink2Description"; Value = "Datasheet"; VariantName = "[No Variations]"
Add component (AddParameter): Name = "ComponentLink2URL"; Value = "https://katalog.we-online.de/em/datasheet/691322310002.pdf"; VariantName = "[No Variations]"
Add component (AddParameter): Name = "Modularity"; Value = "No"; VariantName = "[No Variations]"
Add component (AddParameter): Name = "Mounting Technology"; Value = "THT"; VariantName = "[No Variations]"
Add component (AddParameter): Name = "Operating Temperature"; Value = "-40 to +105degC"; VariantName = "[No Variations]"
Add component (AddParameter): Name = "Packaging"; Value = "Box"; VariantName = "[No Variations]"
Add component (AddParameter): Name = "Part Number"; Value = "691322310002"; VariantName = "[No Variations]"
Add component (AddParameter): Name = "PCB/Cable/Panel"; Value = "PCB"; VariantName = "[No Variations]"
Add component (AddParameter): Name = "Pin Number"; Value = "2"; VariantName = "[No Variations]"
Add component (AddParameter): Name = "Pitch"; Value = "3.81mm"; VariantName = "[No Variations]"
Add component (AddParameter): Name = "Published Date"; Value = "October 2019"; VariantName = "[No Variations]"
Add component (AddParameter): Name = "Publisher"; Value = "Wurth Elektronik"; VariantName = "[No Variations]"
Add component (AddParameter): Name = "Rated Current [UL]"; Value = "10A"; VariantName = "[No Variations]"
Add component (AddParameter): Name = "Type"; Value = "Horizontal"; VariantName = "[No Variations]"
Add component (AddParameter): Name = "Working Voltage [UL]"; Value = "300VAC"; VariantName = "[No Variations]"
Added Pin To Net: NetName=5V Pin=5V-1
Added Pin To Net: NetName=3V3 Pin=BLUEPILL-40
Added Pin To Net: NetName=GND Pin=C1-1
Added Pin To Net: NetName=5V Pin=C1-2
Added Pin To Net: NetName=GND Pin=C2-1
Added Pin To Net: NetName=5V Pin=C2-2
Added Pin To Net: NetName=GND Pin=ENCODER-1
Added Pin To Net: NetName=GND Pin=ENCODER-10
Added Pin To Net: NetName=GND Pin=ENCODER-19
Added Pin To Net: NetName=5V Pin=ENCODER-20
Added Pin To Net: NetName=5V Pin=MOTOR-1
Added Pin To Net: NetName=GND Pin=MOTOR-10
Added Pin To Net: NetName=GND Pin=MOTOR-19
Added Pin To Net: NetName=5V Pin=MOTOR-20
Added Pin To Net: NetName=3V3 Pin=X_ENC-1
Added Pin To Net: NetName=GND Pin=X_ENC-4
Added Pin To Net: NetName=3V3 Pin=Y_ENC-1
Added Pin To Net: NetName=GND Pin=Y_ENC-4
Added Pin To Net: NetName=3V3 Pin=Z_ENC-1
Added Pin To Net: NetName=GND Pin=Z_ENC-4
Added Pin To Net: NetName=DRILL_DIR Pin=DRILL-2
Added Pin To Net: NetName=DRILL_DIR Pin=MOTOR-11
Added Net: Name=DRILL_DIR
Added Pin To Net: NetName=DRILL_PWM Pin=DRILL-1
Added Pin To Net: NetName=DRILL_PWM Pin=MOTOR-12
Added Net: Name=DRILL_PWM
Added Pin To Net: NetName=MCU_DRILL_DIR Pin=BLUEPILL-10
Added Pin To Net: NetName=MCU_DRILL_DIR Pin=MOTOR-9
Added Net: Name=MCU_DRILL_DIR
Added Pin To Net: NetName=MCU_DRILL_PWM Pin=BLUEPILL-14
Added Pin To Net: NetName=MCU_DRILL_PWM Pin=MOTOR-8
Added Net: Name=MCU_DRILL_PWM
Added Pin To Net: NetName=MCU_X_A_ENC Pin=BLUEPILL-25
Added Pin To Net: NetName=MCU_X_A_ENC Pin=ENCODER-2
Added Net: Name=MCU_X_A_ENC
Added Pin To Net: NetName=MCU_X_B_ENC Pin=BLUEPILL-26
Added Pin To Net: NetName=MCU_X_B_ENC Pin=ENCODER-3
Added Net: Name=MCU_X_B_ENC
Added Pin To Net: NetName=MCU_X_DIR Pin=BLUEPILL-7
Added Pin To Net: NetName=MCU_X_DIR Pin=MOTOR-3
Added Net: Name=MCU_X_DIR
Added Pin To Net: NetName=MCU_X_PWM Pin=BLUEPILL-11
Added Pin To Net: NetName=MCU_X_PWM Pin=MOTOR-2
Added Net: Name=MCU_X_PWM
Added Pin To Net: NetName=MCU_Y_A_ENC Pin=BLUEPILL-5
Added Pin To Net: NetName=MCU_Y_A_ENC Pin=ENCODER-4
Added Net: Name=MCU_Y_A_ENC
Added Pin To Net: NetName=MCU_Y_B_ENC Pin=BLUEPILL-6
Added Pin To Net: NetName=MCU_Y_B_ENC Pin=ENCODER-5
Added Net: Name=MCU_Y_B_ENC
Added Pin To Net: NetName=MCU_Y_DIR Pin=BLUEPILL-8
Added Pin To Net: NetName=MCU_Y_DIR Pin=MOTOR-5
Added Net: Name=MCU_Y_DIR
Added Pin To Net: NetName=MCU_Y_PWM Pin=BLUEPILL-12
Added Pin To Net: NetName=MCU_Y_PWM Pin=MOTOR-4
Added Net: Name=MCU_Y_PWM
Added Pin To Net: NetName=MCU_Z_A_ENC Pin=BLUEPILL-34
Added Pin To Net: NetName=MCU_Z_A_ENC Pin=ENCODER-6
Added Net: Name=MCU_Z_A_ENC
Added Pin To Net: NetName=MCU_Z_B_ENC Pin=BLUEPILL-35
Added Pin To Net: NetName=MCU_Z_B_ENC Pin=ENCODER-7
Added Net: Name=MCU_Z_B_ENC
Added Pin To Net: NetName=MCU_Z_DIR Pin=BLUEPILL-9
Added Pin To Net: NetName=MCU_Z_DIR Pin=MOTOR-7
Added Net: Name=MCU_Z_DIR
Added Pin To Net: NetName=MCU_Z_PWM Pin=BLUEPILL-13
Added Pin To Net: NetName=MCU_Z_PWM Pin=MOTOR-6
Added Net: Name=MCU_Z_PWM
Added Pin To Net: NetName=X_A_ENC Pin=ENCODER-18
Added Pin To Net: NetName=X_A_ENC Pin=X_ENC-2
Added Net: Name=X_A_ENC
Added Pin To Net: NetName=X_B_ENC Pin=ENCODER-17
Added Pin To Net: NetName=X_B_ENC Pin=X_ENC-3
Added Net: Name=X_B_ENC
Added Pin To Net: NetName=X_DIR Pin=MOTOR-17
Added Pin To Net: NetName=X_DIR Pin=X_MOTOR-2
Added Net: Name=X_DIR
Added Pin To Net: NetName=X_PWM Pin=MOTOR-18
Added Pin To Net: NetName=X_PWM Pin=X_MOTOR-1
Added Net: Name=X_PWM
Added Pin To Net: NetName=Y_A_ENC Pin=ENCODER-16
Added Pin To Net: NetName=Y_A_ENC Pin=Y_ENC-2
Added Net: Name=Y_A_ENC
Added Pin To Net: NetName=Y_B_ENC Pin=ENCODER-15
Added Pin To Net: NetName=Y_B_ENC Pin=Y_ENC-3
Added Net: Name=Y_B_ENC
Added Pin To Net: NetName=Y_DIR Pin=MOTOR-15
Added Pin To Net: NetName=Y_DIR Pin=Y_MOTOR-2
Added Net: Name=Y_DIR
Added Pin To Net: NetName=Y_PWM Pin=MOTOR-16
Added Pin To Net: NetName=Y_PWM Pin=Y_MOTOR-1
Added Net: Name=Y_PWM
Added Pin To Net: NetName=Z_A_ENC Pin=ENCODER-14
Added Pin To Net: NetName=Z_A_ENC Pin=Z_ENC-2
Added Net: Name=Z_A_ENC
Added Pin To Net: NetName=Z_B_ENC Pin=ENCODER-13
Added Pin To Net: NetName=Z_B_ENC Pin=Z_ENC-3
Added Net: Name=Z_B_ENC
Added Pin To Net: NetName=Z_DIR Pin=MOTOR-13
Added Pin To Net: NetName=Z_DIR Pin=Z_MOTOR-2
Added Net: Name=Z_DIR
Added Pin To Net: NetName=Z_PWM Pin=MOTOR-14
Added Pin To Net: NetName=Z_PWM Pin=Z_MOTOR-1
Added Net: Name=Z_PWM
Added Member To Class: ClassName=CNCMicaMini Member=Component DRILL 691322310002
Added Member To Class: ClassName=CNCMicaMini Member=Component ENCODER 74HC245N
Added Member To Class: ClassName=CNCMicaMini Member=Component MOTOR 74HC245N
Added Member To Class: ClassName=CNCMicaMini Member=Component X_ENC 691322310004
Added Member To Class: ClassName=CNCMicaMini Member=Component X_MOTOR 691322310002
Added Member To Class: ClassName=CNCMicaMini Member=Component Y_ENC 691322310004
Added Member To Class: ClassName=CNCMicaMini Member=Component Y_MOTOR 691322310002
Added Member To Class: ClassName=CNCMicaMini Member=Component Z_ENC 691322310004
Added Member To Class: ClassName=CNCMicaMini Member=Component Z_MOTOR 691322310002
Added Room: Name=CNCMicaMini
